( BEGIN -> 0 )
( my -> 0 )
( identifier -> 0 )
( : -> 0 )
( arr -> 0 )
( [ -> 0 )
( int_ct -> 1 )
( ] -> 0 )
( , -> 0 )
( identifier -> 2 )
( : -> 0 )
( string -> 0 )
( , -> 0 )
( identifier -> 3 )
( : -> 0 )
( string -> 0 )
( , -> 0 )
( identifier -> 4 )
( : -> 0 )
( char -> 0 )
( , -> 0 )
( identifier -> 5 )
( : -> 0 )
( int -> 0 )
( ; -> 0 )
( stdin -> 0 )
( ( -> 0 )
( identifier -> 0 )
( ) -> 0 )
( ; -> 0 )
( identifier -> 2 )
( = -> 0 )
( string_ct -> 6 )
( ; -> 0 )
( identifier -> 3 )
( = -> 0 )
( string_ct -> 7 )
( ; -> 0 )
( identifier -> 4 )
( = -> 0 )
( char_ct -> 8 )
( ; -> 0 )
( if -> 0 )
( ( -> 0 )
( identifier -> 2 )
( == -> 0 )
( identifier -> 3 )
( ) -> 0 )
( { -> 0 )
( print -> 0 )
( ( -> 0 )
( identifier -> 4 )
( ) -> 0 )
( ; -> 0 )
( print -> 0 )
( ( -> 0 )
( int_ct -> 9 )
( ) -> 0 )
( ; -> 0 )
( identifier -> 5 )
( = -> 0 )
( int_ct -> 10 )
( + -> 0 )
( ( -> 0 )
( int_ct -> 9 )
( + -> 0 )
( ( -> 0 )
( int_ct -> 11 )
( * -> 0 )
( ( -> 0 )
( int_ct -> 10 )
( + -> 0 )
( int_ct -> 12 )
( ) -> 0 )
( ) -> 0 )
( ) -> 0 )
( ; -> 0 )
( } -> 0 )
( else -> 0 )
( if -> 0 )
( ( -> 0 )
( identifier -> 3 )
( < -> 0 )
( identifier -> 3 )
( ) -> 0 )
( { -> 0 )
( identifier -> 2 )
( = -> 0 )
( string_ct -> 13 )
( . -> 0 )
( identifier -> 2 )
( ; -> 0 )
( print -> 0 )
( ( -> 0 )
( identifier -> 2 )
( ) -> 0 )
( ; -> 0 )
( } -> 0 )
( ; -> 0 )
( END -> 0 )