( my -> 0 )
( id -> 0 )
( : -> 0 )
( int -> 0 )
( , -> 0 )
( id -> 1 )
( : -> 0 )
( int -> 0 )
( , -> 0 )
( id -> 2 )
( : -> 0 )
( int -> 0 )
( ; -> 0 )
( id -> 0 )
( = -> 0 )
( stdin -> 0 )
( ( -> 0 )
( ) -> 0 )
( ; -> 0 )
( id -> 1 )
( = -> 0 )
( stdin -> 0 )
( ( -> 0 )
( ) -> 0 )
( ; -> 0 )
( if -> 0 )
( ( -> 0 )
( id -> 0 )
( == -> 0 )
( const -> 3 )
( ) -> 0 )
( { -> 0 )
( print -> 0 )
( ( -> 0 )
( id -> 1 )
( ) -> 0 )
( ; -> 0 )
( } -> 0 )
( else -> 0 )
( if -> 0 )
( ( -> 0 )
( id -> 1 )
( == -> 0 )
( const -> 3 )
( ) -> 0 )
( { -> 0 )
( print -> 0 )
( ( -> 0 )
( id -> 0 )
( ) -> 0 )
( ; -> 0 )
( } -> 0 )
( else -> 0 )
( { -> 0 )
( while -> 0 )
( ( -> 0 )
( id -> 1 )
( != -> 0 )
( const -> 3 )
( ) -> 0 )
( do -> 0 )
( { -> 0 )
( id -> 2 )
( = -> 0 )
( id -> 0 )
( % -> 0 )
( id -> 1 )
( ; -> 0 )
( id -> 0 )
( = -> 0 )
( id -> 1 )
( ; -> 0 )
( id -> 1 )
( = -> 0 )
( id -> 2 )
( ; -> 0 )
( } -> 0 )
( ; -> 0 )
( print -> 0 )
( ( -> 0 )
( id -> 0 )
( ) -> 0 )
( ; -> 0 )
( } -> 0 )
( ; -> 0 )