( my -> 0 )
( id -> 0 )
( : -> 0 )
( int -> 0 )
( , -> 0 )
( id -> 1 )
( : -> 0 )
( int -> 0 )
( , -> 0 )
( id -> 2 )
( : -> 0 )
( int -> 0 )
( , -> 0 )
( id -> 3 )
( : -> 0 )
( int -> 0 )
( ; -> 0 )
( id -> 0 )
( = -> 0 )
( stdin -> 0 )
( ( -> 0 )
( ) -> 0 )
( ; -> 0 )
( id -> 1 )
( = -> 0 )
( const -> 4 )
( ; -> 0 )
( id -> 3 )
( = -> 0 )
( const -> 4 )
( ; -> 0 )
( while -> 0 )
( ( -> 0 )
( id -> 3 )
( < -> 0 )
( id -> 0 )
( ) -> 0 )
( do -> 0 )
( { -> 0 )
( id -> 2 )
( = -> 0 )
( stdin -> 0 )
( ( -> 0 )
( ) -> 0 )
( ; -> 0 )
( id -> 1 )
( = -> 0 )
( id -> 1 )
( + -> 0 )
( id -> 2 )
( ; -> 0 )
( id -> 3 )
( = -> 0 )
( id -> 3 )
( + -> 0 )
( const -> 5 )
( ; -> 0 )
( } -> 0 )
( ; -> 0 )
( print -> 0 )
( ( -> 0 )
( id -> 1 )
( ) -> 0 )
( ; -> 0 )