+------------+--+
|Symbol Table|  |
+------------+--+
|Symbol      |ID|
+------------+--+
|4           |1 |
+------------+--+
|5           |10|
+------------+--+
|7           |12|
+------------+--+
|"hello"     |6 |
+------------+--+
|"world"     |7 |
+------------+--+
|"friend"    |13|
+------------+--+
|$test       |5 |
+------------+--+
|'x'         |8 |
+------------+--+
|$max        |4 |
+------------+--+
|$n1         |0 |
+------------+--+
|$n2         |2 |
+------------+--+
|2           |11|
+------------+--+
|$n3         |3 |
+------------+--+
|3           |9 |
+------------+--+
